0 silly argv {
0 silly argv   _: [ 'publish' ],
0 silly argv   'force-publish': true,
0 silly argv   forcePublish: true,
0 silly argv   composed: 'publish',
0 silly argv   lernaVersion: '4.0.0',
0 silly argv   '$0': 'node_modules/lerna/cli.js'
0 silly argv }
1 notice cli v4.0.0
2 verbose rootPath /home/alkindus/banyan/pres
3 verbose session 6193055094241f00
4 verbose user-agent lerna/4.0.0/node@v16.13.1+x64 (linux)
5 silly argv {
5 silly argv   _: [ 'publish' ],
5 silly argv   'force-publish': true,
5 silly argv   forcePublish: true,
5 silly argv   composed: 'publish',
5 silly argv   lernaVersion: '4.0.0'
5 silly argv }
6 verbose rootPath /home/alkindus/banyan/pres
7 info current version 0.3.31
8 silly isAnythingCommitted
9 verbose isAnythingCommitted 1
10 silly getCurrentBranch
11 verbose currentBranch master
12 silly remoteBranchExists
13 silly isBehindUpstream
14 silly isBehindUpstream master is behind origin/master by 0 commit(s) and ahead by 0
15 silly hasTags
16 verbose hasTags true
17 silly git-describe.sync "v0.3.31-0-gcdcf499-dirty" => {"lastTagName":"v0.3.31","lastVersion":"v0.3.31","refCount":"0","sha":"cdcf499","isDirty":true}
18 warn force-publish all packages
19 info Assuming all packages changed
20 verbose updated @pres/fin
21 verbose updated @pres/terminal-interface
22 verbose updated @pres/top
23 verbose updated @pres/components-chart
24 verbose updated @pres/components-core
25 verbose updated @pres/components-data
26 verbose updated @pres/components-form
27 verbose updated @pres/components-geo
28 verbose updated @pres/components-inform
29 verbose updated @pres/components-layout
30 verbose updated @pres/components-node
31 verbose updated @pres/components-text
32 verbose updated @pres/components-visual
33 verbose updated @pres/components
34 verbose updated @pres/events
35 verbose updated @pres/global-node
36 verbose updated @pres/global-program
37 verbose updated @pres/global-screen
38 verbose updated @pres/gpm-client
39 verbose updated @pres/program
40 verbose updated @pres/terminfo-parser
41 verbose updated @pres/enum-angle-table
42 verbose updated @pres/enum-control-chars
43 verbose updated @pres/enum-coord-infos
44 verbose updated @pres/enum-csi-codes
45 verbose updated @pres/enum-events
46 verbose updated @pres/enum-key-names
47 verbose updated @pres/enum-sgr-attrs
48 verbose updated @pres/enum-terminfo-alias
49 verbose updated @pres/util-blessed-colors
50 verbose updated @pres/util-byte-colors
51 verbose updated @pres/util-chart-labels
52 verbose updated @pres/util-chart-series-collection
53 verbose updated @pres/util-chart-series
54 verbose updated @pres/util-chart-ticks
55 verbose updated @pres/util-drawille-canvas
56 verbose updated @pres/util-helpers
57 verbose updated @pres/util-lum
58 verbose updated @pres/util-morisot
59 verbose updated @pres/util-sgr-attr
60 verbose updated @pres/util-sgr-mode
61 verbose updated @pres/util-unicode
62 info execute Skipping releases
63 silly lifecycle No script for "preversion" in "root", continuing
64 silly lifecycle No script for "preversion" in "@pres/global-node", continuing
65 silly lifecycle No script for "preversion" in "@pres/enum-angle-table", continuing
66 silly lifecycle No script for "preversion" in "@pres/enum-control-chars", continuing
67 silly lifecycle No script for "preversion" in "@pres/enum-coord-infos", continuing
68 silly lifecycle No script for "preversion" in "@pres/enum-csi-codes", continuing
69 silly lifecycle No script for "preversion" in "@pres/enum-events", continuing
70 silly lifecycle No script for "preversion" in "@pres/enum-key-names", continuing
71 silly lifecycle No script for "preversion" in "@pres/enum-sgr-attrs", continuing
72 silly lifecycle No script for "preversion" in "@pres/enum-terminfo-alias", continuing
73 silly lifecycle No script for "preversion" in "@pres/util-byte-colors", continuing
74 silly lifecycle No script for "preversion" in "@pres/util-chart-labels", continuing
75 silly lifecycle No script for "preversion" in "@pres/util-chart-series", continuing
76 silly lifecycle No script for "preversion" in "@pres/util-chart-ticks", continuing
77 silly lifecycle No script for "preversion" in "@pres/util-sgr-mode", continuing
78 silly lifecycle No script for "version" in "@pres/enum-control-chars", continuing
79 silly lifecycle No script for "version" in "@pres/enum-csi-codes", continuing
80 silly lifecycle No script for "preversion" in "@pres/util-blessed-colors", continuing
81 silly lifecycle No script for "version" in "@pres/enum-angle-table", continuing
82 silly lifecycle No script for "version" in "@pres/global-node", continuing
83 silly lifecycle No script for "version" in "@pres/enum-events", continuing
84 silly lifecycle No script for "preversion" in "@pres/global-program", continuing
85 silly lifecycle No script for "preversion" in "@pres/global-screen", continuing
86 silly lifecycle No script for "version" in "@pres/enum-key-names", continuing
87 silly lifecycle No script for "version" in "@pres/enum-terminfo-alias", continuing
88 silly lifecycle No script for "version" in "@pres/util-byte-colors", continuing
89 silly lifecycle No script for "preversion" in "@pres/util-drawille-canvas", continuing
90 silly lifecycle No script for "version" in "@pres/enum-sgr-attrs", continuing
91 silly lifecycle No script for "version" in "@pres/util-chart-labels", continuing
92 silly lifecycle No script for "version" in "@pres/util-chart-ticks", continuing
93 silly lifecycle No script for "version" in "@pres/util-chart-series", continuing
94 silly lifecycle No script for "preversion" in "@pres/util-chart-series-collection", continuing
95 silly lifecycle No script for "version" in "@pres/enum-coord-infos", continuing
96 silly lifecycle No script for "version" in "@pres/util-sgr-mode", continuing
97 silly lifecycle No script for "preversion" in "@pres/util-sgr-attr", continuing
98 silly lifecycle No script for "version" in "@pres/util-drawille-canvas", continuing
99 silly lifecycle No script for "version" in "@pres/global-screen", continuing
100 silly lifecycle No script for "preversion" in "@pres/util-unicode", continuing
101 silly lifecycle No script for "version" in "@pres/util-blessed-colors", continuing
102 silly lifecycle No script for "preversion" in "@pres/util-lum", continuing
103 silly lifecycle No script for "version" in "@pres/global-program", continuing
104 silly lifecycle No script for "version" in "@pres/util-chart-series-collection", continuing
105 silly lifecycle No script for "version" in "@pres/util-sgr-attr", continuing
106 silly lifecycle No script for "preversion" in "@pres/util-morisot", continuing
107 silly lifecycle No script for "version" in "@pres/util-unicode", continuing
108 silly lifecycle No script for "preversion" in "@pres/util-helpers", continuing
109 silly lifecycle No script for "version" in "@pres/util-lum", continuing
110 silly lifecycle No script for "version" in "@pres/util-morisot", continuing
111 silly lifecycle No script for "version" in "@pres/util-helpers", continuing
112 silly lifecycle No script for "preversion" in "@pres/events", continuing
113 silly lifecycle No script for "preversion" in "@pres/terminfo-parser", continuing
114 silly lifecycle No script for "version" in "@pres/events", continuing
115 silly lifecycle No script for "preversion" in "@pres/components-node", continuing
116 silly lifecycle No script for "version" in "@pres/terminfo-parser", continuing
117 silly lifecycle No script for "preversion" in "@pres/gpm-client", continuing
118 silly lifecycle No script for "version" in "@pres/components-node", continuing
119 silly lifecycle No script for "version" in "@pres/gpm-client", continuing
120 silly lifecycle No script for "preversion" in "@pres/program", continuing
121 silly lifecycle No script for "version" in "@pres/program", continuing
122 silly lifecycle No script for "preversion" in "@pres/components-core", continuing
123 silly lifecycle No script for "version" in "@pres/components-core", continuing
124 silly lifecycle No script for "preversion" in "@pres/components-data", continuing
125 silly lifecycle No script for "preversion" in "@pres/components-layout", continuing
126 silly lifecycle No script for "preversion" in "@pres/components-visual", continuing
127 silly lifecycle No script for "version" in "@pres/components-visual", continuing
128 silly lifecycle No script for "version" in "@pres/components-data", continuing
129 silly lifecycle No script for "preversion" in "@pres/components-form", continuing
130 silly lifecycle No script for "preversion" in "@pres/components-text", continuing
131 silly lifecycle No script for "version" in "@pres/components-layout", continuing
132 silly lifecycle No script for "preversion" in "@pres/components-chart", continuing
133 silly lifecycle No script for "preversion" in "@pres/components-geo", continuing
134 silly lifecycle No script for "version" in "@pres/components-form", continuing
135 silly lifecycle No script for "version" in "@pres/components-geo", continuing
136 silly lifecycle No script for "version" in "@pres/components-text", continuing
137 silly lifecycle No script for "preversion" in "@pres/components-inform", continuing
138 silly lifecycle No script for "version" in "@pres/components-chart", continuing
139 silly lifecycle No script for "version" in "@pres/components-inform", continuing
140 silly lifecycle No script for "preversion" in "@pres/components", continuing
141 silly lifecycle No script for "version" in "@pres/components", continuing
142 silly lifecycle No script for "preversion" in "@pres/terminal-interface", continuing
143 silly lifecycle No script for "version" in "@pres/terminal-interface", continuing
144 silly lifecycle No script for "preversion" in "@pres/fin", continuing
145 silly lifecycle No script for "preversion" in "@pres/top", continuing
146 silly lifecycle No script for "version" in "@pres/top", continuing
147 silly lifecycle No script for "version" in "@pres/fin", continuing
148 silly lifecycle No script for "version" in "root", continuing
149 silly gitAdd [
149 silly gitAdd   'util/enum-control-chars/package.json',
149 silly gitAdd   'util/enum-csi-codes/package.json',
149 silly gitAdd   'util/enum-angle-table/package.json',
149 silly gitAdd   'core/global-node/package.json',
149 silly gitAdd   'util/enum-events/package.json',
149 silly gitAdd   'util/enum-key-names/package.json',
149 silly gitAdd   'util/enum-terminfo-alias/package.json',
149 silly gitAdd   'util/util-byte-colors/package.json',
149 silly gitAdd   'util/enum-sgr-attrs/package.json',
149 silly gitAdd   'util/util-chart-labels/package.json',
149 silly gitAdd   'util/util-chart-ticks/package.json',
149 silly gitAdd   'util/util-chart-series/package.json',
149 silly gitAdd   'util/enum-coord-infos/package.json',
149 silly gitAdd   'util/util-sgr-mode/package.json',
149 silly gitAdd   'util/util-drawille-canvas/package.json',
149 silly gitAdd   'core/global-screen/package.json',
149 silly gitAdd   'util/util-blessed-colors/package.json',
149 silly gitAdd   'core/global-program/package.json',
149 silly gitAdd   'util/util-chart-series-collection/package.json',
149 silly gitAdd   'util/util-sgr-attr/package.json',
149 silly gitAdd   'util/util-unicode/package.json',
149 silly gitAdd   'util/util-lum/package.json',
149 silly gitAdd   'util/util-morisot/package.json',
149 silly gitAdd   'util/util-helpers/package.json',
149 silly gitAdd   'core/events/package.json',
149 silly gitAdd   'core/terminfo-parser/package.json',
149 silly gitAdd   'core/components-node/package.json',
149 silly gitAdd   'core/gpm-client/package.json',
149 silly gitAdd   'core/program/package.json',
149 silly gitAdd   'core/components-core/package.json',
149 silly gitAdd   'core/components-visual/package.json',
149 silly gitAdd   'core/components-data/package.json',
149 silly gitAdd   'core/components-layout/package.json',
149 silly gitAdd   'core/components-form/package.json',
149 silly gitAdd   'core/components-geo/package.json',
149 silly gitAdd   'core/components-text/package.json',
149 silly gitAdd   'core/components-chart/package.json',
149 silly gitAdd   'core/components-inform/package.json',
149 silly gitAdd   'core/components/package.json',
149 silly gitAdd   'apps/terminal-interface/package.json',
149 silly gitAdd   'apps/top/package.json',
149 silly gitAdd   'apps/fin/package.json',
149 silly gitAdd   'lerna.json'
149 silly gitAdd ]
150 silly gitCommit v0.3.32
151 verbose git [ 'commit', '-m', 'v0.3.32' ]
152 silly gitTag v0.3.32
153 verbose git [ 'tag', 'v0.3.32', '-m', 'v0.3.32' ]
154 silly lifecycle No script for "postversion" in "@pres/fin", continuing
155 silly lifecycle No script for "postversion" in "@pres/terminal-interface", continuing
156 silly lifecycle No script for "postversion" in "@pres/top", continuing
157 silly lifecycle No script for "postversion" in "@pres/components-chart", continuing
158 silly lifecycle No script for "postversion" in "@pres/components-core", continuing
159 silly lifecycle No script for "postversion" in "@pres/components-data", continuing
160 silly lifecycle No script for "postversion" in "@pres/components-form", continuing
161 silly lifecycle No script for "postversion" in "@pres/components-geo", continuing
162 silly lifecycle No script for "postversion" in "@pres/components-inform", continuing
163 silly lifecycle No script for "postversion" in "@pres/components-layout", continuing
164 silly lifecycle No script for "postversion" in "@pres/components-node", continuing
165 silly lifecycle No script for "postversion" in "@pres/components-text", continuing
166 silly lifecycle No script for "postversion" in "@pres/components-visual", continuing
167 silly lifecycle No script for "postversion" in "@pres/components", continuing
168 silly lifecycle No script for "postversion" in "@pres/events", continuing
169 silly lifecycle No script for "postversion" in "@pres/global-node", continuing
170 silly lifecycle No script for "postversion" in "@pres/global-program", continuing
171 silly lifecycle No script for "postversion" in "@pres/global-screen", continuing
172 silly lifecycle No script for "postversion" in "@pres/gpm-client", continuing
173 silly lifecycle No script for "postversion" in "@pres/program", continuing
174 silly lifecycle No script for "postversion" in "@pres/terminfo-parser", continuing
175 silly lifecycle No script for "postversion" in "@pres/enum-angle-table", continuing
176 silly lifecycle No script for "postversion" in "@pres/enum-control-chars", continuing
177 silly lifecycle No script for "postversion" in "@pres/enum-coord-infos", continuing
178 silly lifecycle No script for "postversion" in "@pres/enum-csi-codes", continuing
179 silly lifecycle No script for "postversion" in "@pres/enum-events", continuing
180 silly lifecycle No script for "postversion" in "@pres/enum-key-names", continuing
181 silly lifecycle No script for "postversion" in "@pres/enum-sgr-attrs", continuing
182 silly lifecycle No script for "postversion" in "@pres/enum-terminfo-alias", continuing
183 silly lifecycle No script for "postversion" in "@pres/util-blessed-colors", continuing
184 silly lifecycle No script for "postversion" in "@pres/util-byte-colors", continuing
185 silly lifecycle No script for "postversion" in "@pres/util-chart-labels", continuing
186 silly lifecycle No script for "postversion" in "@pres/util-chart-series-collection", continuing
187 silly lifecycle No script for "postversion" in "@pres/util-chart-series", continuing
188 silly lifecycle No script for "postversion" in "@pres/util-chart-ticks", continuing
189 silly lifecycle No script for "postversion" in "@pres/util-drawille-canvas", continuing
190 silly lifecycle No script for "postversion" in "@pres/util-helpers", continuing
191 silly lifecycle No script for "postversion" in "@pres/util-lum", continuing
192 silly lifecycle No script for "postversion" in "@pres/util-morisot", continuing
193 silly lifecycle No script for "postversion" in "@pres/util-sgr-attr", continuing
194 silly lifecycle No script for "postversion" in "@pres/util-sgr-mode", continuing
195 silly lifecycle No script for "postversion" in "@pres/util-unicode", continuing
196 silly lifecycle No script for "postversion" in "root", continuing
197 info git Pushing tags...
198 silly gitPush origin master
199 info publish Publishing packages to npm...
200 info Verifying npm credentials
201 verbose Retrieving npm user profile
202 http fetch GET 200 https://registry.npmjs.org/-/npm/v1/user 1229ms
203 silly npm profile get received {"tfa":false,"name":"hoyeung","email":"hoyeungw@outlook.com","email_verified":true,"created":"2019-02-14T08:31:40.801Z","updated":"2020-10-20T10:49:31.417Z","cidr_whitelist":null,"fullname":"Hoyeung Wong","twitter":"wonghoyeung","github":"hoyeungw"}
204 silly get npm username received {"username":"hoyeung","tfa":false,"name":"hoyeung","email":"hoyeungw@outlook.com","email_verified":true,"created":"2019-02-14T08:31:40.801Z","updated":"2020-10-20T10:49:31.417Z","cidr_whitelist":null,"fullname":"Hoyeung Wong","twitter":"wonghoyeung","github":"hoyeungw"}
205 silly verifyNpmPackageAccess
206 http fetch GET 200 https://registry.npmjs.org/-/org/hoyeung/package?format=cli 7120ms (cache updated)
207 info Checking two-factor auth mode
208 verbose Retrieving npm user profile
209 http fetch GET 200 https://registry.npmjs.org/-/npm/v1/user 888ms
210 silly npm profile get received {"tfa":false,"name":"hoyeung","email":"hoyeungw@outlook.com","email_verified":true,"created":"2019-02-14T08:31:40.801Z","updated":"2020-10-20T10:49:31.417Z","cidr_whitelist":null,"fullname":"Hoyeung Wong","twitter":"wonghoyeung","github":"hoyeungw"}
211 silly 2FA false
212 silly getCurrentSHA
213 verbose getCurrentSHA 0cc85f5f72ca235d4dfb5d25b9f7c7af32c113eb
214 silly lifecycle No script for "prepublish" in "root", continuing
215 silly lifecycle No script for "prepare" in "root", continuing
216 silly lifecycle No script for "prepublishOnly" in "root", continuing
217 silly lifecycle No script for "prepack" in "root", continuing
218 verbose pack-directory core/global-node
219 verbose pack-directory util/enum-angle-table
220 verbose pack-directory util/enum-control-chars
221 verbose pack-directory util/enum-coord-infos
222 verbose pack-directory util/enum-csi-codes
223 verbose pack-directory util/enum-events
224 verbose pack-directory util/enum-key-names
225 verbose pack-directory util/enum-sgr-attrs
226 verbose pack-directory util/enum-terminfo-alias
227 verbose pack-directory util/util-byte-colors
228 verbose pack-directory util/util-chart-labels
229 verbose pack-directory util/util-chart-series
230 verbose pack-directory util/util-chart-ticks
231 verbose pack-directory util/util-sgr-mode
232 silly lifecycle No script for "prepublish" in "@pres/global-node", continuing
233 silly lifecycle No script for "prepublish" in "@pres/enum-angle-table", continuing
234 silly lifecycle No script for "prepublish" in "@pres/enum-control-chars", continuing
235 silly lifecycle No script for "prepublish" in "@pres/enum-coord-infos", continuing
236 silly lifecycle No script for "prepublish" in "@pres/enum-csi-codes", continuing
237 silly lifecycle No script for "prepublish" in "@pres/enum-events", continuing
238 silly lifecycle No script for "prepublish" in "@pres/enum-key-names", continuing
239 silly lifecycle No script for "prepublish" in "@pres/enum-sgr-attrs", continuing
240 silly lifecycle No script for "prepublish" in "@pres/enum-terminfo-alias", continuing
241 silly lifecycle No script for "prepublish" in "@pres/util-byte-colors", continuing
242 silly lifecycle No script for "prepublish" in "@pres/util-chart-labels", continuing
243 silly lifecycle No script for "prepublish" in "@pres/util-chart-series", continuing
244 silly lifecycle No script for "prepublish" in "@pres/util-chart-ticks", continuing
245 silly lifecycle No script for "prepublish" in "@pres/util-sgr-mode", continuing
246 silly lifecycle No script for "prepare" in "@pres/global-node", continuing
247 silly lifecycle No script for "prepare" in "@pres/enum-angle-table", continuing
248 silly lifecycle No script for "prepare" in "@pres/enum-control-chars", continuing
249 silly lifecycle No script for "prepare" in "@pres/enum-coord-infos", continuing
250 silly lifecycle No script for "prepare" in "@pres/enum-csi-codes", continuing
251 silly lifecycle No script for "prepare" in "@pres/enum-events", continuing
252 silly lifecycle No script for "prepare" in "@pres/enum-key-names", continuing
253 silly lifecycle No script for "prepare" in "@pres/enum-sgr-attrs", continuing
254 silly lifecycle No script for "prepare" in "@pres/enum-terminfo-alias", continuing
255 silly lifecycle No script for "prepare" in "@pres/util-byte-colors", continuing
256 silly lifecycle No script for "prepare" in "@pres/util-chart-labels", continuing
257 silly lifecycle No script for "prepare" in "@pres/util-chart-series", continuing
258 silly lifecycle No script for "prepare" in "@pres/util-chart-ticks", continuing
259 silly lifecycle No script for "prepare" in "@pres/util-sgr-mode", continuing
260 silly lifecycle No script for "prepublishOnly" in "@pres/global-node", continuing
261 silly lifecycle No script for "prepublishOnly" in "@pres/enum-angle-table", continuing
262 silly lifecycle No script for "prepublishOnly" in "@pres/enum-control-chars", continuing
263 silly lifecycle No script for "prepublishOnly" in "@pres/enum-csi-codes", continuing
264 silly lifecycle No script for "prepublishOnly" in "@pres/enum-coord-infos", continuing
265 silly lifecycle No script for "prepublishOnly" in "@pres/enum-events", continuing
266 silly lifecycle No script for "prepublishOnly" in "@pres/enum-key-names", continuing
267 silly lifecycle No script for "prepublishOnly" in "@pres/enum-terminfo-alias", continuing
268 silly lifecycle No script for "prepublishOnly" in "@pres/enum-sgr-attrs", continuing
269 silly lifecycle No script for "prepublishOnly" in "@pres/util-chart-series", continuing
270 silly lifecycle No script for "prepublishOnly" in "@pres/util-chart-labels", continuing
271 silly lifecycle No script for "prepublishOnly" in "@pres/util-byte-colors", continuing
272 silly lifecycle No script for "prepublishOnly" in "@pres/util-chart-ticks", continuing
273 silly lifecycle No script for "prepublishOnly" in "@pres/util-sgr-mode", continuing
274 silly lifecycle No script for "prepack" in "@pres/global-node", continuing
275 silly lifecycle No script for "prepack" in "@pres/enum-angle-table", continuing
276 silly lifecycle No script for "prepack" in "@pres/enum-control-chars", continuing
277 silly lifecycle No script for "prepack" in "@pres/enum-csi-codes", continuing
278 silly lifecycle No script for "prepack" in "@pres/enum-events", continuing
279 silly lifecycle No script for "prepack" in "@pres/enum-coord-infos", continuing
280 silly lifecycle No script for "prepack" in "@pres/enum-key-names", continuing
281 silly lifecycle No script for "prepack" in "@pres/enum-terminfo-alias", continuing
282 silly lifecycle No script for "prepack" in "@pres/enum-sgr-attrs", continuing
283 silly lifecycle No script for "prepack" in "@pres/util-chart-series", continuing
284 silly lifecycle No script for "prepack" in "@pres/util-chart-labels", continuing
285 silly lifecycle No script for "prepack" in "@pres/util-byte-colors", continuing
286 silly lifecycle No script for "prepack" in "@pres/util-chart-ticks", continuing
287 silly lifecycle No script for "prepack" in "@pres/util-sgr-mode", continuing
288 silly lifecycle No script for "postpack" in "@pres/global-node", continuing
289 verbose packed core/global-node
290 silly lifecycle No script for "postpack" in "@pres/enum-angle-table", continuing
291 verbose packed util/enum-angle-table
292 silly lifecycle No script for "postpack" in "@pres/enum-control-chars", continuing
293 verbose packed util/enum-control-chars
294 silly lifecycle No script for "postpack" in "@pres/enum-csi-codes", continuing
295 verbose packed util/enum-csi-codes
296 silly lifecycle No script for "postpack" in "@pres/enum-coord-infos", continuing
297 verbose packed util/enum-coord-infos
298 silly lifecycle No script for "postpack" in "@pres/enum-events", continuing
299 verbose packed util/enum-events
300 silly lifecycle No script for "postpack" in "@pres/enum-terminfo-alias", continuing
301 verbose packed util/enum-terminfo-alias
302 silly lifecycle No script for "postpack" in "@pres/enum-sgr-attrs", continuing
303 verbose packed util/enum-sgr-attrs
304 silly lifecycle No script for "postpack" in "@pres/enum-key-names", continuing
305 verbose packed util/enum-key-names
306 silly lifecycle No script for "postpack" in "@pres/util-chart-series", continuing
307 verbose packed util/util-chart-series
308 silly lifecycle No script for "postpack" in "@pres/util-chart-labels", continuing
309 verbose packed util/util-chart-labels
310 silly lifecycle No script for "postpack" in "@pres/util-byte-colors", continuing
311 verbose packed util/util-byte-colors
312 silly lifecycle No script for "postpack" in "@pres/util-chart-ticks", continuing
313 verbose packed util/util-chart-ticks
314 silly lifecycle No script for "postpack" in "@pres/util-sgr-mode", continuing
315 verbose packed util/util-sgr-mode
316 verbose pack-directory util/util-blessed-colors
317 silly lifecycle No script for "prepublish" in "@pres/util-blessed-colors", continuing
318 silly lifecycle No script for "prepare" in "@pres/util-blessed-colors", continuing
319 verbose pack-directory core/global-program
320 verbose pack-directory core/global-screen
321 silly lifecycle No script for "prepublish" in "@pres/global-program", continuing
322 silly lifecycle No script for "prepublish" in "@pres/global-screen", continuing
323 silly lifecycle No script for "prepare" in "@pres/global-program", continuing
324 silly lifecycle No script for "prepare" in "@pres/global-screen", continuing
325 verbose pack-directory util/util-chart-series-collection
326 silly lifecycle No script for "prepublish" in "@pres/util-chart-series-collection", continuing
327 silly lifecycle No script for "prepare" in "@pres/util-chart-series-collection", continuing
328 verbose pack-directory util/util-drawille-canvas
329 silly lifecycle No script for "prepublish" in "@pres/util-drawille-canvas", continuing
330 silly lifecycle No script for "prepare" in "@pres/util-drawille-canvas", continuing
331 verbose pack-directory util/util-sgr-attr
332 silly lifecycle No script for "prepublish" in "@pres/util-sgr-attr", continuing
333 silly lifecycle No script for "prepare" in "@pres/util-sgr-attr", continuing
334 silly lifecycle No script for "prepublishOnly" in "@pres/util-blessed-colors", continuing
335 silly lifecycle No script for "prepublishOnly" in "@pres/global-program", continuing
336 silly lifecycle No script for "prepublishOnly" in "@pres/global-screen", continuing
337 silly lifecycle No script for "prepublishOnly" in "@pres/util-drawille-canvas", continuing
338 silly lifecycle No script for "prepublishOnly" in "@pres/util-chart-series-collection", continuing
339 silly lifecycle No script for "prepublishOnly" in "@pres/util-sgr-attr", continuing
340 silly lifecycle No script for "prepack" in "@pres/util-blessed-colors", continuing
341 silly lifecycle No script for "prepack" in "@pres/global-screen", continuing
342 silly lifecycle No script for "prepack" in "@pres/global-program", continuing
343 silly lifecycle No script for "prepack" in "@pres/util-drawille-canvas", continuing
344 silly lifecycle No script for "prepack" in "@pres/util-chart-series-collection", continuing
345 silly lifecycle No script for "prepack" in "@pres/util-sgr-attr", continuing
346 silly lifecycle No script for "postpack" in "@pres/util-blessed-colors", continuing
347 verbose packed util/util-blessed-colors
348 silly lifecycle No script for "postpack" in "@pres/global-screen", continuing
349 verbose packed core/global-screen
350 silly lifecycle No script for "postpack" in "@pres/global-program", continuing
351 verbose packed core/global-program
352 silly lifecycle No script for "postpack" in "@pres/util-drawille-canvas", continuing
353 verbose packed util/util-drawille-canvas
354 silly lifecycle No script for "postpack" in "@pres/util-chart-series-collection", continuing
355 verbose packed util/util-chart-series-collection
356 silly lifecycle No script for "postpack" in "@pres/util-sgr-attr", continuing
357 verbose packed util/util-sgr-attr
358 verbose pack-directory util/util-lum
359 silly lifecycle No script for "prepublish" in "@pres/util-lum", continuing
360 silly lifecycle No script for "prepare" in "@pres/util-lum", continuing
361 verbose pack-directory util/util-unicode
362 silly lifecycle No script for "prepublish" in "@pres/util-unicode", continuing
363 silly lifecycle No script for "prepare" in "@pres/util-unicode", continuing
364 verbose pack-directory util/util-morisot
365 silly lifecycle No script for "prepublish" in "@pres/util-morisot", continuing
366 silly lifecycle No script for "prepare" in "@pres/util-morisot", continuing
367 silly lifecycle No script for "prepublishOnly" in "@pres/util-lum", continuing
368 silly lifecycle No script for "prepublishOnly" in "@pres/util-unicode", continuing
369 silly lifecycle No script for "prepublishOnly" in "@pres/util-morisot", continuing
370 silly lifecycle No script for "prepack" in "@pres/util-lum", continuing
371 silly lifecycle No script for "prepack" in "@pres/util-unicode", continuing
372 silly lifecycle No script for "prepack" in "@pres/util-morisot", continuing
373 silly lifecycle No script for "postpack" in "@pres/util-lum", continuing
374 verbose packed util/util-lum
375 silly lifecycle No script for "postpack" in "@pres/util-unicode", continuing
376 verbose packed util/util-unicode
377 silly lifecycle No script for "postpack" in "@pres/util-morisot", continuing
378 verbose packed util/util-morisot
379 verbose pack-directory util/util-helpers
380 silly lifecycle No script for "prepublish" in "@pres/util-helpers", continuing
381 silly lifecycle No script for "prepare" in "@pres/util-helpers", continuing
382 silly lifecycle No script for "prepublishOnly" in "@pres/util-helpers", continuing
383 silly lifecycle No script for "prepack" in "@pres/util-helpers", continuing
384 silly lifecycle No script for "postpack" in "@pres/util-helpers", continuing
385 verbose packed util/util-helpers
386 verbose pack-directory core/events
387 verbose pack-directory core/terminfo-parser
388 silly lifecycle No script for "prepublish" in "@pres/events", continuing
389 silly lifecycle No script for "prepublish" in "@pres/terminfo-parser", continuing
390 silly lifecycle No script for "prepare" in "@pres/events", continuing
391 silly lifecycle No script for "prepare" in "@pres/terminfo-parser", continuing
392 silly lifecycle No script for "prepublishOnly" in "@pres/events", continuing
393 silly lifecycle No script for "prepublishOnly" in "@pres/terminfo-parser", continuing
394 silly lifecycle No script for "prepack" in "@pres/events", continuing
395 silly lifecycle No script for "prepack" in "@pres/terminfo-parser", continuing
396 silly lifecycle No script for "postpack" in "@pres/events", continuing
397 verbose packed core/events
398 verbose pack-directory core/components-node
399 silly lifecycle No script for "prepublish" in "@pres/components-node", continuing
400 silly lifecycle No script for "prepare" in "@pres/components-node", continuing
401 silly lifecycle No script for "postpack" in "@pres/terminfo-parser", continuing
402 verbose packed core/terminfo-parser
403 silly lifecycle No script for "prepublishOnly" in "@pres/components-node", continuing
404 verbose pack-directory core/gpm-client
405 silly lifecycle No script for "prepublish" in "@pres/gpm-client", continuing
406 silly lifecycle No script for "prepare" in "@pres/gpm-client", continuing
407 silly lifecycle No script for "prepack" in "@pres/components-node", continuing
408 silly lifecycle No script for "prepublishOnly" in "@pres/gpm-client", continuing
409 silly lifecycle No script for "prepack" in "@pres/gpm-client", continuing
410 silly lifecycle No script for "postpack" in "@pres/components-node", continuing
411 verbose packed core/components-node
412 silly lifecycle No script for "postpack" in "@pres/gpm-client", continuing
413 verbose packed core/gpm-client
414 verbose pack-directory core/program
415 silly lifecycle No script for "prepublish" in "@pres/program", continuing
416 silly lifecycle No script for "prepare" in "@pres/program", continuing
417 silly lifecycle No script for "prepublishOnly" in "@pres/program", continuing
418 silly lifecycle No script for "prepack" in "@pres/program", continuing
419 silly lifecycle No script for "postpack" in "@pres/program", continuing
420 verbose packed core/program
421 verbose pack-directory core/components-core
422 silly lifecycle No script for "prepublish" in "@pres/components-core", continuing
423 silly lifecycle No script for "prepare" in "@pres/components-core", continuing
424 silly lifecycle No script for "prepublishOnly" in "@pres/components-core", continuing
425 silly lifecycle No script for "prepack" in "@pres/components-core", continuing
426 silly lifecycle No script for "postpack" in "@pres/components-core", continuing
427 verbose packed core/components-core
428 verbose pack-directory core/components-data
429 verbose pack-directory core/components-layout
430 verbose pack-directory core/components-visual
431 silly lifecycle No script for "prepublish" in "@pres/components-data", continuing
432 silly lifecycle No script for "prepublish" in "@pres/components-layout", continuing
433 silly lifecycle No script for "prepublish" in "@pres/components-visual", continuing
434 silly lifecycle No script for "prepare" in "@pres/components-data", continuing
435 silly lifecycle No script for "prepare" in "@pres/components-layout", continuing
436 silly lifecycle No script for "prepare" in "@pres/components-visual", continuing
437 silly lifecycle No script for "prepublishOnly" in "@pres/components-data", continuing
438 silly lifecycle No script for "prepublishOnly" in "@pres/components-visual", continuing
439 silly lifecycle No script for "prepublishOnly" in "@pres/components-layout", continuing
440 silly lifecycle No script for "prepack" in "@pres/components-data", continuing
441 silly lifecycle No script for "prepack" in "@pres/components-visual", continuing
442 silly lifecycle No script for "prepack" in "@pres/components-layout", continuing
443 silly lifecycle No script for "postpack" in "@pres/components-layout", continuing
444 verbose packed core/components-layout
445 silly lifecycle No script for "postpack" in "@pres/components-data", continuing
446 verbose packed core/components-data
447 verbose pack-directory core/components-chart
448 verbose pack-directory core/components-geo
449 silly lifecycle No script for "prepublish" in "@pres/components-chart", continuing
450 silly lifecycle No script for "prepublish" in "@pres/components-geo", continuing
451 silly lifecycle No script for "prepare" in "@pres/components-chart", continuing
452 silly lifecycle No script for "prepare" in "@pres/components-geo", continuing
453 verbose pack-directory core/components-form
454 verbose pack-directory core/components-text
455 silly lifecycle No script for "prepublish" in "@pres/components-form", continuing
456 silly lifecycle No script for "prepublish" in "@pres/components-text", continuing
457 silly lifecycle No script for "prepare" in "@pres/components-form", continuing
458 silly lifecycle No script for "prepare" in "@pres/components-text", continuing
459 silly lifecycle No script for "prepublishOnly" in "@pres/components-chart", continuing
460 silly lifecycle No script for "prepublishOnly" in "@pres/components-geo", continuing
461 silly lifecycle No script for "postpack" in "@pres/components-visual", continuing
462 verbose packed core/components-visual
463 silly lifecycle No script for "prepublishOnly" in "@pres/components-form", continuing
464 silly lifecycle No script for "prepublishOnly" in "@pres/components-text", continuing
465 silly lifecycle No script for "prepack" in "@pres/components-chart", continuing
466 silly lifecycle No script for "prepack" in "@pres/components-geo", continuing
467 silly lifecycle No script for "prepack" in "@pres/components-form", continuing
468 silly lifecycle No script for "prepack" in "@pres/components-text", continuing
469 silly lifecycle No script for "postpack" in "@pres/components-chart", continuing
470 verbose packed core/components-chart
471 silly lifecycle No script for "postpack" in "@pres/components-geo", continuing
472 verbose packed core/components-geo
473 silly lifecycle No script for "postpack" in "@pres/components-form", continuing
474 verbose packed core/components-form
475 silly lifecycle No script for "postpack" in "@pres/components-text", continuing
476 verbose packed core/components-text
477 verbose pack-directory core/components-inform
478 silly lifecycle No script for "prepublish" in "@pres/components-inform", continuing
479 silly lifecycle No script for "prepare" in "@pres/components-inform", continuing
480 silly lifecycle No script for "prepublishOnly" in "@pres/components-inform", continuing
481 silly lifecycle No script for "prepack" in "@pres/components-inform", continuing
482 silly lifecycle No script for "postpack" in "@pres/components-inform", continuing
483 verbose packed core/components-inform
484 verbose pack-directory core/components
485 silly lifecycle No script for "prepublish" in "@pres/components", continuing
486 silly lifecycle No script for "prepare" in "@pres/components", continuing
487 silly lifecycle No script for "prepublishOnly" in "@pres/components", continuing
488 silly lifecycle No script for "prepack" in "@pres/components", continuing
489 silly lifecycle No script for "postpack" in "@pres/components", continuing
490 verbose packed core/components
491 verbose pack-directory apps/terminal-interface
492 silly lifecycle No script for "prepublish" in "@pres/terminal-interface", continuing
493 silly lifecycle No script for "prepare" in "@pres/terminal-interface", continuing
494 silly lifecycle No script for "prepublishOnly" in "@pres/terminal-interface", continuing
495 silly lifecycle No script for "prepack" in "@pres/terminal-interface", continuing
496 silly lifecycle No script for "postpack" in "@pres/terminal-interface", continuing
497 verbose packed apps/terminal-interface
498 verbose pack-directory apps/fin
499 verbose pack-directory apps/top
500 silly lifecycle No script for "prepublish" in "@pres/fin", continuing
501 silly lifecycle No script for "prepublish" in "@pres/top", continuing
502 silly lifecycle No script for "prepare" in "@pres/fin", continuing
503 silly lifecycle No script for "prepare" in "@pres/top", continuing
504 silly lifecycle No script for "prepublishOnly" in "@pres/fin", continuing
505 silly lifecycle No script for "prepublishOnly" in "@pres/top", continuing
506 silly lifecycle No script for "prepack" in "@pres/fin", continuing
507 silly lifecycle No script for "prepack" in "@pres/top", continuing
508 silly lifecycle No script for "postpack" in "@pres/fin", continuing
509 verbose packed apps/fin
510 silly lifecycle No script for "postpack" in "@pres/top", continuing
511 verbose packed apps/top
512 silly lifecycle No script for "postpack" in "root", continuing
513 verbose publish @pres/global-node
514 verbose publish @pres/enum-angle-table
515 verbose publish @pres/enum-control-chars
516 verbose publish @pres/enum-coord-infos
517 verbose publish @pres/enum-csi-codes
518 verbose publish @pres/enum-events
519 verbose publish @pres/enum-key-names
520 verbose publish @pres/enum-sgr-attrs
521 verbose publish @pres/enum-terminfo-alias
522 verbose publish @pres/util-byte-colors
523 verbose publish @pres/util-chart-labels
524 verbose publish @pres/util-chart-series
525 verbose publish @pres/util-chart-ticks
526 verbose publish @pres/util-sgr-mode
527 http fetch PUT 200 https://registry.npmjs.org/@pres%2fenum-angle-table 4285ms
528 silly lifecycle No script for "publish" in "@pres/enum-angle-table", continuing
529 silly lifecycle No script for "postpublish" in "@pres/enum-angle-table", continuing
530 success published @pres/enum-angle-table 0.3.32
531 notice
532 notice 📦  @pres/enum-angle-table@0.3.32
533 notice === Tarball Contents ===
534 notice 1.1kB LICENSE
534 notice 2.3kB dist/index.cjs.js
534 notice 2.2kB dist/index.esm.js
534 notice 854B  package.json
534 notice 1.6kB README.md
535 notice === Tarball Details ===
536 notice name:          @pres/enum-angle-table
536 notice version:       0.3.32
536 notice filename:      pres-enum-angle-table-0.3.32.tgz
536 notice package size:  2.3 kB
536 notice unpacked size: 8.0 kB
536 notice shasum:        2d60d644a67176b2eae31419e2894eb4b601aa33
536 notice integrity:     sha512-XfGE6qHFx/81o[...]K+cOvbhar98pA==
536 notice total files:   5
537 notice
538 http fetch PUT 200 https://registry.npmjs.org/@pres%2fglobal-node 5124ms
539 silly lifecycle No script for "publish" in "@pres/global-node", continuing
540 silly lifecycle No script for "postpublish" in "@pres/global-node", continuing
541 success published @pres/global-node 0.3.32
542 notice
543 notice 📦  @pres/global-node@0.3.32
544 notice === Tarball Contents ===
545 notice 1.1kB LICENSE
545 notice 300B  dist/index.cjs.js
545 notice 211B  dist/index.esm.js
545 notice 885B  package.json
545 notice 1.6kB README.md
546 notice === Tarball Details ===
547 notice name:          @pres/global-node
547 notice version:       0.3.32
547 notice filename:      pres-global-node-0.3.32.tgz
547 notice package size:  1.9 kB
547 notice unpacked size: 4.0 kB
547 notice shasum:        0ff47c9845539369646e4479588066f48b419874
547 notice integrity:     sha512-Uovx79TpPQr5J[...]97ygc3TACA21g==
547 notice total files:   5
548 notice
549 http fetch PUT 200 https://registry.npmjs.org/@pres%2futil-sgr-mode 7839ms
550 silly lifecycle No script for "publish" in "@pres/util-sgr-mode", continuing
551 silly lifecycle No script for "postpublish" in "@pres/util-sgr-mode", continuing
552 success published @pres/util-sgr-mode 0.3.32
553 notice
554 notice 📦  @pres/util-sgr-mode@0.3.32
555 notice === Tarball Contents ===
556 notice 1.1kB LICENSE
556 notice 3.3kB dist/index.cjs.js
556 notice 2.8kB dist/index.esm.js
556 notice 996B  package.json
556 notice 1.6kB README.md
557 notice === Tarball Details ===
558 notice name:          @pres/util-sgr-mode
558 notice version:       0.3.32
558 notice filename:      pres-util-sgr-mode-0.3.32.tgz
558 notice package size:  2.8 kB
558 notice unpacked size: 9.8 kB
558 notice shasum:        eb5af8c3b93a50bd4d800f1d8f5735de0f914006
558 notice integrity:     sha512-pvJ/K4BzXkny0[...]pIMBso4vVyHLQ==
558 notice total files:   5
559 notice
560 http fetch PUT 200 https://registry.npmjs.org/@pres%2futil-chart-series 7866ms
561 silly lifecycle No script for "publish" in "@pres/util-chart-series", continuing
562 silly lifecycle No script for "postpublish" in "@pres/util-chart-series", continuing
563 success published @pres/util-chart-series 0.3.32
564 notice
565 notice 📦  @pres/util-chart-series@0.3.32
566 notice === Tarball Contents ===
567 notice 1.1kB LICENSE
567 notice 841B  dist/index.cjs.js
567 notice 736B  dist/index.esm.js
567 notice 922B  package.json
567 notice 1.6kB README.md
568 notice === Tarball Details ===
569 notice name:          @pres/util-chart-series
569 notice version:       0.3.32
569 notice filename:      pres-util-chart-series-0.3.32.tgz
569 notice package size:  2.1 kB
569 notice unpacked size: 5.2 kB
569 notice shasum:        85eff8954bb03843362d9b1f078118a4e6fc6fd8
569 notice integrity:     sha512-8SuLJaYhOEN5Q[...]YrZQYcN70+0Ow==
569 notice total files:   5
570 notice
571 verbose publish @pres/util-chart-series-collection
572 http fetch PUT 200 https://registry.npmjs.org/@pres%2fenum-coord-infos 10022ms
573 silly lifecycle No script for "publish" in "@pres/enum-coord-infos", continuing
574 silly lifecycle No script for "postpublish" in "@pres/enum-coord-infos", continuing
575 success published @pres/enum-coord-infos 0.3.32
576 notice
577 notice 📦  @pres/enum-coord-infos@0.3.32
578 notice === Tarball Contents ===
579 notice 1.1kB LICENSE
579 notice 744B  dist/index.cjs.js
579 notice 447B  dist/index.esm.js
579 notice 881B  package.json
579 notice 1.6kB README.md
580 notice === Tarball Details ===
581 notice name:          @pres/enum-coord-infos
581 notice version:       0.3.32
581 notice filename:      pres-enum-coord-infos-0.3.32.tgz
581 notice package size:  2.1 kB
581 notice unpacked size: 4.7 kB
581 notice shasum:        9dd77afef62b4bcff8d1493efdabc2b39faa5603
581 notice integrity:     sha512-qzcHUco/mRQpT[...]/j1vEcKGetj9A==
581 notice total files:   5
582 notice
583 silly FetchError: request to https://registry.npmjs.org/@pres%2fenum-control-chars failed, reason: getaddrinfo ENOTFOUND registry.npmjs.org
583 silly     at ClientRequest.<anonymous> (/home/alkindus/banyan/pres/node_modules/minipass-fetch/lib/index.js:110:14)
583 silly     at ClientRequest.emit (node:events:390:28)
583 silly     at TLSSocket.socketErrorListener (node:_http_client:447:9)
583 silly     at TLSSocket.emit (node:events:402:35)
583 silly     at emitErrorNT (node:internal/streams/destroy:157:8)
583 silly     at emitErrorCloseNT (node:internal/streams/destroy:122:3)
583 silly     at processTicksAndRejections (node:internal/process/task_queues:83:21)
583 silly  FetchError: request to https://registry.npmjs.org/@pres%2fenum-control-chars failed, reason: getaddrinfo ENOTFOUND registry.npmjs.org
583 silly     at ClientRequest.<anonymous> (/home/alkindus/banyan/pres/node_modules/minipass-fetch/lib/index.js:110:14)
583 silly     at ClientRequest.emit (node:events:390:28)
583 silly     at TLSSocket.socketErrorListener (node:_http_client:447:9)
583 silly     at TLSSocket.emit (node:events:402:35)
583 silly     at emitErrorNT (node:internal/streams/destroy:157:8)
583 silly     at emitErrorCloseNT (node:internal/streams/destroy:122:3)
583 silly     at processTicksAndRejections (node:internal/process/task_queues:83:21) {
583 silly   code: 'ENOTFOUND',
583 silly   errno: 'ENOTFOUND',
583 silly   syscall: 'getaddrinfo',
583 silly   hostname: 'registry.npmjs.org',
583 silly   type: 'system'
583 silly }
584 error ENOTFOUND request to https://registry.npmjs.org/@pres%2fenum-control-chars failed, reason: getaddrinfo ENOTFOUND registry.npmjs.org
585 error FetchError: request to https://registry.npmjs.org/@pres%2fenum-control-chars failed, reason: getaddrinfo ENOTFOUND registry.npmjs.org
585 error     at ClientRequest.<anonymous> (/home/alkindus/banyan/pres/node_modules/minipass-fetch/lib/index.js:110:14)
585 error     at ClientRequest.emit (node:events:390:28)
585 error     at TLSSocket.socketErrorListener (node:_http_client:447:9)
585 error     at TLSSocket.emit (node:events:402:35)
585 error     at emitErrorNT (node:internal/streams/destroy:157:8)
585 error     at emitErrorCloseNT (node:internal/streams/destroy:122:3)
